make all --print-data-base --no-builtin-variables --no-builtin-rules --question
# GNU Make 4.3
# Built for x86_64-pc-linux-gnu
# Copyright (C) 1988-2020 Free Software Foundation, Inc.
# License GPLv3+: GNU GPL version 3 or later <http://gnu.org/licenses/gpl.html>
# This is free software: you are free to change and redistribute it.
# There is NO WARRANTY, to the extent permitted by law.

# Make data base, printed on Wed Aug  7 14:57:17 2024

# Variables

# environment
GDK_BACKEND = x11
# environment
LC_ALL = C
# environment
VSCODE_CRASH_REPORTER_PROCESS_TYPE = extensionHost
# environment
VSCODE_CWD = /home/aziz/Downloads/Medslab/cv32e40p/rtl
# makefile (from 'Makefile', line 31)
incdir := rtl/defines/
# environment
LESS_TERMCAP_me = [0m
# default
MAKE_COMMAND := make
# environment
QT_ACCESSIBILITY = 1
# automatic
@D = $(patsubst %/,%,$(dir $@))
# environment
VSCODE_HANDLES_UNCAUGHT_ERRORS = true
# default
.VARIABLES := 
# environment
PWD = /home/aziz/Downloads/Medslab/UETRV-PCore
# automatic
%D = $(patsubst %/,%,$(dir $%))
# environment
XDG_DATA_DIRS = /usr/share/gnome:/usr/share/xfce4:/usr/local/share/:/usr/share/:/usr/share:/var/lib/snapd/desktop
# environment
OLDPWD = /home/aziz/Downloads/Medslab/cv32e40p/rtl
# automatic
^D = $(patsubst %/,%,$(dir $^))
# automatic
%F = $(notdir $%)
# environment
VSCODE_CODE_CACHE_PATH = /home/aziz/.config/Code/CachedData/b1c0a14de1414fcdaa400695b4db1c0799bc3124
# environment
XDG_SESSION_PATH = /org/freedesktop/DisplayManager/Session0
# environment
LANG = C
# environment
POWERSHELL_UPDATECHECK = Off
# environment
XAUTHORITY = /home/aziz/.Xauthority
# default
.LOADED := 
# environment
LESS_TERMCAP_md = [1;36m
# default
.INCLUDE_DIRS = /usr/local/include /usr/include /usr/include
# makefile (from 'Makefile', line 9)
verilator = verilator
# makefile
MAKEFLAGS = pqrR
# environment
LESS_TERMCAP_so = [01;33m
# makefile
CURDIR := /home/aziz/Downloads/Medslab/UETRV-PCore
# environment
APPLICATION_INSIGHTS_NO_DIAGNOSTIC_CHANNEL = 1
# automatic
*D = $(patsubst %/,%,$(dir $*))
# environment
LESS_TERMCAP_ue = [0m
# environment
MFLAGS = -pqrR
# environment
SSH_AUTH_SOCK = /tmp/ssh-YNisnF4m1V2p/agent.1425
# default
.SHELLFLAGS := -c
# environment
XDG_CONFIG_DIRS = /etc/xdg
# automatic
+D = $(patsubst %/,%,$(dir $+))
# environment
XDG_SESSION_DESKTOP = lightdm-xsession
# makefile (from 'Makefile', line 1)
MAKEFILE_LIST := Makefile
# automatic
@F = $(notdir $@)
# environment
VSCODE_PID = 2429
# environment
XDG_SESSION_TYPE = x11
# automatic
?D = $(patsubst %/,%,$(dir $?))
# makefile (from 'Makefile', line 16)
max_cycles = 100000000
# environment
SESSION_MANAGER = local/aziz:@/tmp/.ICE-unix/1425,unix/aziz:/tmp/.ICE-unix/1425
# automatic
*F = $(notdir $*)
# environment
QT_QPA_PLATFORMTHEME = qt5ct
# environment
CHROME_DESKTOP = code-url-handler.desktop
# environment
DBUS_SESSION_BUS_ADDRESS = unix:path=/run/user/1000/bus
# makefile (from 'Makefile', line 11)
defines = 
# automatic
<D = $(patsubst %/,%,$(dir $<))
# environment
VSCODE_NLS_CONFIG = {"userLocale":"en-us","osLocale":"c","resolvedLanguage":"en","defaultMessagesFile":"/usr/share/code/resources/app/out/nls.messages.json","locale":"en","availableLanguages":{}}
# default
MAKE_HOST := x86_64-pc-linux-gnu
# makefile
SHELL = /bin/sh
# environment
LESS_TERMCAP_us = [1;32m
# default
MAKECMDGOALS := all
# environment
LD_LIBRARY_PATH = /path/to/libtinfo.so.5
# environment
SHLVL = 0
# environment
MAKELEVEL := 0
# default
MAKE = $(MAKE_COMMAND)
# environment
PATH = /usr/local/sbin:/usr/sbin:/sbin:/usr/local/bin:/usr/bin:/bin:/usr/local/games:/usr/games:/snap/bin:/home/aziz/.dotnet/tools:/home/aziz/intelFPGA/20.1/modelsim_ase/bin/:/tools/Xilinx/Vivado/2019.2/bin:/snap/bin
# environment
LESS_TERMCAP_se = [0m
# default
MAKEFILES := 
# automatic
^F = $(notdir $^)
# environment
COMMAND_NOT_FOUND_INSTALL_PROMPT = 1
# environment
LESS_TERMCAP_mb = [1;31m
# environment
XDG_CONFIG_HOME = /home/aziz/.config
# makefile (from 'Makefile', line 32)
list_incdir :=  +incdir+rtl/defines/
# automatic
?F = $(notdir $?)
# environment
XDG_SEAT = seat0
# environment
XDG_CURRENT_DESKTOP = XFCE
# makefile (from 'Makefile', line 34)
 
make: *** No rule to make target 'all'.  Stop.

verilate_command := verilator +define+ --cc bench/pcore_tb.sv rtl/soc_top.sv rtl/core/core_top.sv  rtl/core/mmu/dtlb.sv rtl/core/mmu/itlb.sv rtl/core/mmu/mmu.sv rtl/core/mmu/ptw.sv rtl/core/pipeline/amo.sv rtl/core/pipeline/csr.sv rtl/core/pipeline/cv32e40p_fp_wrapper.sv rtl/core/pipeline/decode.sv rtl/core/pipeline/divide.sv rtl/core/pipeline/divider.sv rtl/core/pipeline/execute.sv rtl/core/pipeline/fetch.sv rtl/core/pipeline/forward_stall.sv rtl/core/pipeline/lsu.sv rtl/core/pipeline/pipeline_top.sv rtl/core/pipeline/reg_file.sv rtl/core/pipeline/writeback.sv rtl/interconnect/dbus_interconnect.sv rtl/memory/bmem.sv rtl/memory/bmem_interface.sv rtl/memory/main_mem.sv rtl/memory/mem_top.sv rtl/memory/icache/icache_data_ram.sv rtl/memory/icache/icache_tag_ram.sv rtl/memory/icache/icache_top.sv rtl/memory/wb_dcache/dcache_data_ram.sv rtl/memory/wb_dcache/dcache_tag_ram.sv rtl/memory/wb_dcache/wb_dcache_controller.sv rtl/memory/wb_dcache/wb_dcache_datapath.sv rtl/memory/wb_dcache/wb_dcache_top.sv rtl/peripherals/clint/clint.sv rtl/peripherals/plic/plic_gateway.sv rtl/peripherals/plic/plic_regs.sv rtl/peripherals/plic/plic_target.sv rtl/peripherals/plic/plic_top.sv rtl/peripherals/spi/spi_controller.sv rtl/peripherals/spi/spi_datapath.sv rtl/peripherals/spi/spi_fifo.sv rtl/peripherals/spi/spi_regs.sv rtl/peripherals/spi/spi_top.sv rtl/peripherals/uart/uart.sv rtl/peripherals/uart/uart_rx.sv rtl/peripherals/uart/uart_tx.sv  +incdir+rtl/defines/ --top-module pcore_tb -Wno-TIMESCALEMOD -Wno-MULTIDRIVEN -Wno-CASEOVERLAP -Wno-WIDTH -Wno-UNOPTFLAT -Wno-IMPLICIT -Wno-PINMISSING --Mdir ver_work --exe bench/pcore_tb.cpp --trace-structs --trace
# makefile (from 'Makefile', line 21)
src := bench/pcore_tb.sv rtl/soc_top.sv rtl/core/core_top.sv  rtl/core/mmu/dtlb.sv rtl/core/mmu/itlb.sv rtl/core/mmu/mmu.sv rtl/core/mmu/ptw.sv rtl/core/pipeline/amo.sv rtl/core/pipeline/csr.sv rtl/core/pipeline/cv32e40p_fp_wrapper.sv rtl/core/pipeline/decode.sv rtl/core/pipeline/divide.sv rtl/core/pipeline/divider.sv rtl/core/pipeline/execute.sv rtl/core/pipeline/fetch.sv rtl/core/pipeline/forward_stall.sv rtl/core/pipeline/lsu.sv rtl/core/pipeline/pipeline_top.sv rtl/core/pipeline/reg_file.sv rtl/core/pipeline/writeback.sv rtl/interconnect/dbus_interconnect.sv rtl/memory/bmem.sv rtl/memory/bmem_interface.sv rtl/memory/main_mem.sv rtl/memory/mem_top.sv rtl/memory/icache/icache_data_ram.sv rtl/memory/icache/icache_tag_ram.sv rtl/memory/icache/icache_top.sv rtl/memory/wb_dcache/dcache_data_ram.sv rtl/memory/wb_dcache/dcache_tag_ram.sv rtl/memory/wb_dcache/wb_dcache_controller.sv rtl/memory/wb_dcache/wb_dcache_datapath.sv rtl/memory/wb_dcache/wb_dcache_top.sv rtl/peripherals/clint/clint.sv rtl/peripherals/plic/plic_gateway.sv rtl/peripherals/plic/plic_regs.sv rtl/peripherals/plic/plic_target.sv rtl/peripherals/plic/plic_top.sv rtl/peripherals/spi/spi_controller.sv rtl/peripherals/spi/spi_datapath.sv rtl/peripherals/spi/spi_fifo.sv rtl/peripherals/spi/spi_regs.sv rtl/peripherals/spi/spi_top.sv rtl/peripherals/uart/uart.sv rtl/peripherals/uart/uart_rx.sv rtl/peripherals/uart/uart_tx.sv
# environment
LS_COLORS = :ow=30;44:
# automatic
+F = $(notdir $+)
# environment
XDG_SEAT_PATH = /org/freedesktop/DisplayManager/Seat0
# environment
DESKTOP_SESSION = lightdm-xsession
# environment
ORIGINAL_XDG_CURRENT_DESKTOP = XFCE
# 'override' directive
GNUMAKEFLAGS := 
# makefile (from 'Makefile', line 15)
imem_linux = sdk/example-linux/imem.txt
# environment
LOGNAME = aziz
# environment
GIO_LAUNCHED_DESKTOP_FILE = /usr/share/applications/code.desktop
# environment
XDG_VTNR = 7
# makefile
.DEFAULT_GOAL := verilate
# environment
DISPLAY = :0
# environment
USER = aziz
# default
MAKE_VERSION := 4.3
# environment
GIO_LAUNCHED_DESKTOP_FILE_PID = 2429
# makefile (from 'Makefile', line 19)
uartbuild_root := sdk/example-uart/build/
# environment
SSH_AGENT_PID = 1476
# environment
_ = /usr/share/code/code
# environment
XDG_RUNTIME_DIR = /run/user/1000
# makefile (from 'Makefile', line 17)
vcd = 0
# environment
POWERSHELL_TELEMETRY_OPTOUT = 1
# makefile (from 'Makefile', line 10)
ver-library = ver_work
# environment
XDG_SESSION_CLASS = user
# environment
VSCODE_AMD_ENTRYPOINT = vs/workbench/api/node/extensionHostProcess
# environment
HOME = /home/aziz
# environment
_JAVA_OPTIONS = -Dawt.useSystemAAFontSettings=on -Dswing.aatext=true
# environment
ELECTRON_RUN_AS_NODE = 1
# environment
VSCODE_IPC_HOOK = /run/user/1000/vscode-59cc648f-1.92-main.sock
# environment
XDG_SESSION_ID = 2
# environment
DOTNET_CLI_TELEMETRY_OPTOUT = 1
# default
.RECIPEPREFIX := 
# automatic
<F = $(notdir $<)
# default
SUFFIXES := 
# environment
XDG_CACHE_HOME = /home/aziz/.cache
# environment
QT_AUTO_SCREEN_SCALE_FACTOR = 0
# makefile (from 'Makefile', line 14)
imem_uart = sdk/example-uart/build/hello.hex
# environment
XDG_GREETER_DATA_DIR = /var/lib/lightdm/data/aziz
# default
.FEATURES := target-specific order-only second-expansion else-if shortest-stem undefine oneshell nocomment grouped-target extra-prereqs archives jobserver output-sync check-symlink load
# environment
XDG_MENU_PREFIX = xfce-
# environment
GDMSESSION = lightdm-xsession
# variable set hash-table stats:
# Load=113/1024=11%, Rehash=0, Collisions=17/156=11%

# Pattern-specific Variable Values

# No pattern-specific variable values.

# Directories

# rtl/memory (device 2049, inode 16267189): 8 files, no impossibilities.
# rtl/peripherals/spi (device 2049, inode 16267212): 7 files, no impossibilities.
# rtl/core (device 2049, inode 16267155): 5 files, no impossibilities.
# rtl/peripherals/plic (device 2049, inode 16267207): 6 files, no impossibilities.
# rtl/memory/icache (device 2049, inode 16267192): 5 files, no impossibilities.
# rtl/core/pipeline (device 2049, inode 16267162): 16 files, no impossibilities.
# rtl/peripherals/uart (device 2049, inode 16267218): 5 files, no impossibilities.
# rtl/core/mmu (device 2049, inode 16267157): 6 files, no impossibilities.
# rtl/peripherals (device 2049, inode 16267204): 6 files, no impossibilities.
# . (device 2049, inode 16153009): 16 files, no impossibilities.
# rtl (device 2049, inode 16267154): 8 files, no impossibilities.
# rtl/memory/wb_dcache (device 2049, inode 16267198): 7 files, no impossibilities.
# rtl/interconnect (device 2049, inode 16267187): 3 files, no impossibilities.
# rtl/peripherals/clint (device 2049, inode 16267205): 3 files, no impossibilities.

# 101 files, no impossibilities in 14 directories.

# Implicit Rules

# No implicit rules.

# Files

clean-all:
#  Implicit rule search has not been done.
#  Modification time never checked.
#  File has not been updated.
#  recipe to execute (from 'Makefile', line 76):
	rm -rf ver_work/ *.log *.vcd \
	verif/*work/

# Not a target:
Makefile:
#  Implicit rule search has been done.
#  Last modified 2024-08-02 16:55:30.99678961
#  File has been updated.
#  Successfully updated.

sim-verilate-linux: verilate
#  Implicit rule search has not been done.
#  Modification time never checked.
#  File has not been updated.
#  recipe to execute (from 'Makefile', line 61):
	@echo
	@echo "Extracting Linux Image..."
	@echo
	rm -f ./sdk/example-linux/imem.txt
	unzip ./sdk/example-linux/imem.zip -d ./sdk/example-linux/
	@echo
	@echo
	@echo "Output is captured in uart_logdata.log"
	@echo "Press ctrl+c to exit to the simulation"
	@echo
	@echo "Initiating Linux Bootup in Verilator Simulation..."
	@echo
	$(ver-library)/Vpcore_tb +imem=$(imem_linux) +max_cycles=300000000 +vcd=$(vcd)

# Not a target:
.DEFAULT:
#  Implicit rule search has not been done.
#  Modification time never checked.
#  File has not been updated.

# Not a target:
all:
#  Command line target.
#  Implicit rule search has been done.
#  File does not exist.
#  File has not been updated.

sim-verilate-uart: verilate
#  Implicit rule search has not been done.
#  Modification time never checked.
#  File has not been updated.
#  recipe to execute (from 'Makefile', line 54):
	@echo
	@echo
	@echo "Output is captured in uart_logdata.log"
	@echo
	$(ver-library)/Vpcore_tb +imem=$(imem_uart) +max_cycles=$(max_cycles) +vcd=$(vcd)

verilate:
#  Implicit rule search has not been done.
#  Modification time never checked.
#  File has not been updated.
#  recipe to execute (from 'Makefile', line 49):
	@echo "Building verilator model"
	$(verilate_command)
	cd $(ver-library) && $(MAKE) -f Vpcore_tb.mk

# files hash-table stats:
# Load=8/1024=1%, Rehash=0, Collisions=0/20=0%
# VPATH Search Paths

# No 'vpath' search paths.

# No general ('VPATH' variable) search path.

# strcache buffers: 1 (0) / strings = 96 / storage = 1121 B / avg = 11 B
# current buf: size = 8162 B / used = 1121 B / count = 96 / avg = 11 B

# strcache performance: lookups = 133 / hit rate = 27%
# hash-table stats:
# Load=96/8192=1%, Rehash=0, Collisions=0/133=0%
# Finished Make data base on Wed Aug  7 14:57:17 2024

 
